     0>Search paths being used for $(MSBuildExtensionsPath) are C:\Program Files (x86)\Microsoft Visual Studio\2019\Community\MSBuild;$(MSBuildProgramFiles32)\MSBuild
       Trying to import C:\Program Files (x86)\Microsoft Visual Studio\2019\Community\MSBuild\$(MSBuildToolsVersion)\Microsoft.Common.props using extensions path C:\Program Files (x86)\Microsoft Visual Studio\2019\Community\MSBuild
       Property reassignment: $(MSBuildProjectExtensionsPath)="C:\Users\david\source\repos\synth_rtos\synth_rtos\obj\" (previous value: "obj\") at C:\Program Files (x86)\Microsoft Visual Studio\2019\Community\MSBuild\Current\Microsoft.Common.props (56,5)
       Search paths being used for $(MSBuildExtensionsPath) are C:\Program Files (x86)\Microsoft Visual Studio\2019\Community\MSBuild;$(MSBuildProgramFiles32)\MSBuild
       Trying to import C:\Program Files (x86)\Microsoft Visual Studio\2019\Community\MSBuild\$(MSBuildToolsVersion)\Imports\Microsoft.Common.props\ImportBefore\* using extensions path C:\Program Files (x86)\Microsoft Visual Studio\2019\Community\MSBuild
       Search paths being used for $(MSBuildExtensionsPath) are C:\Program Files (x86)\Microsoft Visual Studio\2019\Community\MSBuild;$(MSBuildProgramFiles32)\MSBuild
       The "Configuration" property is a global property, and cannot be modified.
       Search paths being used for $(MSBuildExtensionsPath) are C:\Program Files (x86)\Microsoft Visual Studio\2019\Community\MSBuild;$(MSBuildProgramFiles32)\MSBuild
       Search paths being used for $(MSBuildExtensionsPath) are C:\Program Files (x86)\Microsoft Visual Studio\2019\Community\MSBuild;$(MSBuildProgramFiles32)\MSBuild
       The "Configuration" property is a global property, and cannot be modified.
       The "SolutionDir" property is a global property, and cannot be modified.
       Property reassignment: $(MSBuildAllProjects)=";C:\Users\david\source\repos\synth_rtos\synth_rtos\synth_rtos.vcxproj;C:\Program Files (x86)\Microsoft Visual Studio\2019\Community\MSBuild\Current\Bin\Microsoft.Common.targets;C:\Users\david\source\repos\synth_rtos\synth_rtos\synth_rtos.vcxproj.user" (previous value: ";C:\Users\david\source\repos\synth_rtos\synth_rtos\synth_rtos.vcxproj;C:\Program Files (x86)\Microsoft Visual Studio\2019\Community\MSBuild\Current\Bin\Microsoft.Common.targets") at C:\Program Files (x86)\Microsoft Visual Studio\2019\Community\MSBuild\Microsoft\VC\v160\Microsoft.Cpp.Default.props (169,5)
       Property reassignment: $(GNUConfigurationType)="Debug" (previous value: "Release") at C:\Users\david\source\repos\synth_rtos\synth_rtos\synth_rtos.vcxproj (34,5)
       The "SolutionExt" property is a global property, and cannot be modified.
       Property reassignment: $(BuildObjectLinkerInputsDependsOn)=";BuildCppObjectList;BuildWrappedBinaryFileObjectList" (previous value: ";BuildCppObjectList") at C:\Program Files (x86)\Sysprogs\VisualGDB\MSBuild\Targets\binary.targets (68,2)
       Property reassignment: $(BuildDependsOn)="
       	  ResolveReferences;;
             Link
           " (previous value: "ResolveReferences;") at C:\Program Files (x86)\Sysprogs\VisualGDB\MSBuild\Targets\link.targets (78,5)
       Property reassignment: $(ToolFlagsPropertyPages)="C:\Program Files (x86)\Sysprogs\VisualGDB\MSBuild\\PropertyPages\gcc\compiler.xml;C:\Program Files (x86)\Sysprogs\VisualGDB\MSBuild\\PropertyPages\gcc\linker.xml;C:\SysGCC\arm-eabi\ToolchainPropertyPage.xml" (previous value: "C:\Program Files (x86)\Sysprogs\VisualGDB\MSBuild\\PropertyPages\gcc\compiler.xml;C:\Program Files (x86)\Sysprogs\VisualGDB\MSBuild\\PropertyPages\gcc\linker.xml") at C:\Program Files (x86)\Sysprogs\VisualGDB\MSBuild\PropertyPages.props (45,2)
       Property reassignment: $(BuildDependsOn)="
       	  
       	  ResolveReferences;;
             Link
           ;
             GenerateBinFile;
             GenerateHexFile;
       	  OutputMemoryUtilization
           " (previous value: "
       	  ResolveReferences;;
             Link
           ") at C:\Program Files (x86)\Sysprogs\VisualGDB\MSBuild\Targets\embedded.targets (65,5)
       Property reassignment: $(CleanDependsOn)="
       	  
       	  ;
             CleanPCH
           ;
             CleanRemoteBuild
           " (previous value: "
       	  ;
             CleanPCH
           ") at C:\Program Files (x86)\Sysprogs\VisualGDB\MSBuild\Targets\remote.targets (37,5)
       Property reassignment: $(CleanDependsOn)="
             
       	  
       	  ;
             CleanPCH
           ;
             CleanRemoteBuild
           ;
             CppClean
           " (previous value: "
       	  
       	  ;
             CleanPCH
           ;
             CleanRemoteBuild
           ") at C:\Program Files (x86)\Microsoft Visual Studio\2019\Community\MSBuild\Microsoft\VC\v160\Microsoft.CppClean.targets (22,5)
       Property reassignment: $(CppCleanDependsOn)="
             BeforeCppClean;
             ;
             CoreCppClean;
             AfterCppClean;
           ;PGInstrumentedClean" (previous value: "
             BeforeCppClean;
             ;
             CoreCppClean;
             AfterCppClean;
           ") at C:\Program Files (x86)\Microsoft Visual Studio\2019\Community\MSBuild\Microsoft\VC\v160\Microsoft.CppClean.targets (91,5)
       Property reassignment: $(BuildDependsOn)="SetTelemetryEnvironmentVariables;
       	  
       	  ResolveReferences;;
             Link
           ;
             GenerateBinFile;
             GenerateHexFile;
       	  OutputMemoryUtilization
           " (previous value: "
       	  
       	  ResolveReferences;;
             Link
           ;
             GenerateBinFile;
             GenerateHexFile;
       	  OutputMemoryUtilization
           ") at C:\Program Files (x86)\Microsoft Visual Studio\2019\Community\MSBuild\Microsoft\VC\v160\Microsoft.Cpp.DesignTime.targets (477,5)
       Property reassignment: $(MSBuildAllProjects)="C:\Users\david\source\repos\synth_rtos\synth_rtos\synth_rtos.vcxproj;;C:\Users\david\source\repos\synth_rtos\synth_rtos\synth_rtos.vcxproj;C:\Program Files (x86)\Microsoft Visual Studio\2019\Community\MSBuild\Current\Bin\Microsoft.Common.targets;C:\Users\david\source\repos\synth_rtos\synth_rtos\synth_rtos.vcxproj.user" (previous value: ";C:\Users\david\source\repos\synth_rtos\synth_rtos\synth_rtos.vcxproj;C:\Program Files (x86)\Microsoft Visual Studio\2019\Community\MSBuild\Current\Bin\Microsoft.Common.targets;C:\Users\david\source\repos\synth_rtos\synth_rtos\synth_rtos.vcxproj.user") at 
Build started 29/08/2019 09:57:22.
     1>Project "C:\Users\david\source\repos\synth_rtos\synth_rtos\synth_rtos.vcxproj" on node 2 (Build target(s)).
     1>Building with tools version "Current".
     1>Target "CheckSettings" in file "C:\Program Files (x86)\Sysprogs\VisualGDB\MSBuild\SysprogsPlatform.targets" from project "C:\Users\david\source\repos\synth_rtos\synth_rtos\synth_rtos.vcxproj" (entry point):
       Task "SynchronizeTeamSettings" skipped, due to false condition; ('$(AGENT_WORKFOLDER)' != '') was evaluated as ('' != '').
       Task "Error" skipped, due to false condition; (('$(ToolchainDir)' == '') and ('$(IsRemoteBuild)' != 'true')) was evaluated as (('C:\SysGCC\arm-eabi' == '') and ('false' != 'true')).
       Task "Error" skipped, due to false condition; (('$(ToolchainProfile)' != '') and (!Exists('$(ToolchainProfile)\toolchain.props'))) was evaluated as (('C:\SysGCC\arm-eabi' != '') and (!Exists('C:\SysGCC\arm-eabi\toolchain.props'))).
       Task "Warning" skipped, due to false condition; ('$(ToolchainProfile)' == '') was evaluated as ('C:\SysGCC\arm-eabi' == '').
       Task "Error" skipped, due to false condition; (('$(VisualGDBSettingsFile)' == '')) was evaluated as (('synth_rtos-Debug.vgdbsettings' == '')).
       Task "Error" skipped, due to false condition; (('$(VisualGDBSettingsFile)' != '') and (!Exists('$(VisualGDBSettingsFile)'))) was evaluated as (('synth_rtos-Debug.vgdbsettings' != '') and (!Exists('synth_rtos-Debug.vgdbsettings'))).
       Task "Error" skipped, due to false condition; (('$(BSP_ID)' != '') and ('$(BSP_ROOT)' == '')) was evaluated as (('com.sysprogs.arm.stm32' != '') and ('C:/Users/david/AppData/Local/VisualGDB/EmbeddedBSPs/arm-eabi/com.sysprogs.arm.stm32' == '')).
       Task "Error" skipped, due to false condition; (('$(IsRemoteBuild)' != 'true') and ('$(GNUToolchainType)' == 'Linux') and ('$(GenerateCoverageReports)' == 'true') and ('$(CoverageReportDirectory)' == '') and ('$(DesignTimeBuild)' != 'true')) was evaluated as (('false' != 'true') and ('Embedded' == 'Linux') and ('false' == 'true') and ('' == '') and ('false' != 'true')).
     1>Done building target "CheckSettings" in project "synth_rtos.vcxproj".
       Target "ProvideIntelliSenseSettings" skipped, due to false condition; ('$(DesignTimeBuild)' == 'true') was evaluated as ('false' == 'true').
       Target "CheckSettings" skipped. Previously built successfully.
       Target "CheckSettings" skipped. Previously built successfully.
       Target "CheckSettings" skipped. Previously built successfully.
       Target "CheckSettings" skipped. Previously built successfully.
       Target "CheckSettings" skipped. Previously built successfully.
     1>Target "PrepareFastUpToDataCheckDatabase" in file "C:\Program Files (x86)\Sysprogs\VisualGDB\MSBuild\Targets\FastUpToDateCheck.targets" from project "C:\Users\david\source\repos\synth_rtos\synth_rtos\synth_rtos.vcxproj" (target "Build" depends on it):
       Using "InitializeFastUpToDateCheckFile" task from assembly "C:\Program Files (x86)\Sysprogs\VisualGDB\\Sysprogs.Build.Tasks.dll".
       Task "InitializeFastUpToDateCheckFile"
       Done executing task "InitializeFastUpToDateCheckFile".
     1>Done building target "PrepareFastUpToDataCheckDatabase" in project "synth_rtos.vcxproj".
     1>Target "SetBuildDefaultEnvironmentVariables" in file "C:\Program Files (x86)\Microsoft Visual Studio\2019\Community\MSBuild\Microsoft\VC\v160\Microsoft.Cpp.Current.targets" from project "C:\Users\david\source\repos\synth_rtos\synth_rtos\synth_rtos.vcxproj" (target "PrepareForBuild" depends on it):
       Using "SetEnv" task from assembly "C:\Program Files (x86)\Microsoft Visual Studio\2019\Community\MSBuild\Microsoft\VC\v160\Microsoft.Build.CppTasks.Common.dll".
       Task "SetEnv"
         PATH=
       Done executing task "SetEnv".
       Task "SetEnv"
         LIB=
       Done executing task "SetEnv".
       Task "SetEnv"
         LIBPATH=
       Done executing task "SetEnv".
       Task "SetEnv"
         INCLUDE=
       Done executing task "SetEnv".
     1>Done building target "SetBuildDefaultEnvironmentVariables" in project "synth_rtos.vcxproj".
       Target "SetUserMacroEnvironmentVariables" skipped, due to false condition; ('@(BuildMacro)' != '' and '$(DesignTimeBuild)' != 'true') was evaluated as ('' != '' and 'false' != 'true').
     1>Target "AssignProjectConfiguration" in file "C:\Program Files (x86)\Sysprogs\VisualGDB\MSBuild\Targets\ProjectReference.targets" from project "C:\Users\david\source\repos\synth_rtos\synth_rtos\synth_rtos.vcxproj" (target "ResolveProjectReferences" depends on it):
       Using "AssignProjectConfiguration" task from assembly "Microsoft.Build.Tasks.Core, Version=15.1.0.0, Culture=neutral, PublicKeyToken=b03f5f7f11d50a3a".
       Task "AssignProjectConfiguration"
       Done executing task "AssignProjectConfiguration".
     1>Done building target "AssignProjectConfiguration" in project "synth_rtos.vcxproj".
     1>Target "_SplitProjectReferencesByFileExistence" in file "C:\Program Files (x86)\Sysprogs\VisualGDB\MSBuild\Targets\ProjectReference.targets" from project "C:\Users\david\source\repos\synth_rtos\synth_rtos\synth_rtos.vcxproj" (target "ResolveProjectReferences" depends on it):
       Task "ResolveNonMSBuildProjectOutput" skipped, due to false condition; ('$(BuildingInsideVisualStudio)'=='true' and '@(ProjectReferenceWithConfiguration)'!='') was evaluated as ('true'=='true' and ''!='').
     1>Done building target "_SplitProjectReferencesByFileExistence" in project "synth_rtos.vcxproj".
     1>Target "ResolveProjectReferences" in file "C:\Program Files (x86)\Sysprogs\VisualGDB\MSBuild\Targets\ProjectReference.targets" from project "C:\Users\david\source\repos\synth_rtos\synth_rtos\synth_rtos.vcxproj" (target "PrepareForBuild" depends on it):
       Task "MSBuild" skipped, due to false condition; ('%(_MSBuildProjectReferenceExistent.BuildReference)' == 'true' and '@(ProjectReferenceWithConfiguration)' != '' and '@(_MSBuildProjectReferenceExistent)' != '') was evaluated as ('' == 'true' and '' != '' and '' != '').
       Task "MSBuild" skipped, due to false condition; ('%(_MSBuildProjectReferenceExistent.BuildReference)' == 'true' and '@(ProjectReferenceWithConfiguration)' != '' and '$(BuildingInsideVisualStudio)' != 'true' and '$(BuildProjectReferences)' == 'true' and '@(_MSBuildProjectReferenceExistent)' != '') was evaluated as ('' == 'true' and '' != '' and 'true' != 'true' and 'true' == 'true' and '' != '').
       Task "Warning" skipped, due to false condition; ('@(ProjectReferenceWithConfiguration)' != '' and '@(_MSBuildProjectReferenceNonexistent)' != '') was evaluated as ('' != '' and '' != '').
     1>Done building target "ResolveProjectReferences" in project "synth_rtos.vcxproj".
     1>Target "ComputeTestContainerFileName" in file "C:\Program Files (x86)\Sysprogs\VisualGDB\MSBuild\SysprogsPlatform.targets" from project "C:\Users\david\source\repos\synth_rtos\synth_rtos\synth_rtos.vcxproj" (target "PrepareForBuild" depends on it):
     1>Done building target "ComputeTestContainerFileName" in project "synth_rtos.vcxproj".
     1>Target "PrepareForBuild" in file "C:\Program Files (x86)\Sysprogs\VisualGDB\MSBuild\SysprogsPlatform.targets" from project "C:\Users\david\source\repos\synth_rtos\synth_rtos\synth_rtos.vcxproj" (target "ExecutePrebuildActions" depends on it):
       Task "VCMessage" skipped, due to false condition; ('$(DesignTimeBuild)' != 'true' and '$(ConfigurationPlatformExists)' != 'true') was evaluated as ('false' != 'true' and 'true' != 'true').
       Using "MakeDir" task from assembly "Microsoft.Build.Tasks.Core, Version=15.1.0.0, Culture=neutral, PublicKeyToken=b03f5f7f11d50a3a".
       Task "MakeDir"
       Done executing task "MakeDir".
       Task "MakeDir"
       Done executing task "MakeDir".
       Using "InitializeBuiltProjectContext" task from assembly "C:\Program Files (x86)\Sysprogs\VisualGDB\\Sysprogs.Build.Tasks.dll".
       Task "InitializeBuiltProjectContext"
       Done executing task "InitializeBuiltProjectContext".
     1>Done building target "PrepareForBuild" in project "synth_rtos.vcxproj".
     1>Target "ExecutePrebuildActions" in file "C:\Program Files (x86)\Sysprogs\VisualGDB\MSBuild\Targets\external.targets" from project "C:\Users\david\source\repos\synth_rtos\synth_rtos\synth_rtos.vcxproj" (target "Build" depends on it):
       Using "LaunchVisualGDB" task from assembly "C:\Program Files (x86)\Sysprogs\VisualGDB\\Sysprogs.Build.Tasks.dll".
       Task "LaunchVisualGDB"
       Done executing task "LaunchVisualGDB".
     1>Done building target "ExecutePrebuildActions" in project "synth_rtos.vcxproj".
       Target "BeginRemoteBuild" skipped, due to false condition; (('$(IsRemoteBuild)' == 'true') and ('$(DesignTimeBuild)' != 'true')) was evaluated as (('false' == 'true') and ('false' != 'true')).
     1>Target "SetTelemetryEnvironmentVariables" in file "C:\Program Files (x86)\Microsoft Visual Studio\2019\Community\MSBuild\Microsoft\VC\v160\Microsoft.Cpp.DesignTime.targets" from project "C:\Users\david\source\repos\synth_rtos\synth_rtos\synth_rtos.vcxproj" (target "Build" depends on it):
       Task "SetEnv"
         VSTEL_SolutionSessionID={02859BEB-F605-4CC6-BBC9-6216CF09FCA0}
       Done executing task "SetEnv".
       Task "SetEnv"
         VSTEL_CurrentSolutionBuildID=341466015
       Done executing task "SetEnv".
       Task "SetEnv"
         VSTEL_ProjectID={47B14AEB-E137-426F-B89D-670D660D95C0}
       Done executing task "SetEnv".
     1>Done building target "SetTelemetryEnvironmentVariables" in project "synth_rtos.vcxproj".
       Target "ResolveProjectReferences" skipped. Previously built successfully.
     1>Target "ResolveReferences" in file "C:\Program Files (x86)\Sysprogs\VisualGDB\MSBuild\Targets\ProjectReference.targets" from project "C:\Users\david\source\repos\synth_rtos\synth_rtos\synth_rtos.vcxproj" (target "Build" depends on it):
     1>Done building target "ResolveReferences" in project "synth_rtos.vcxproj".
     1>Target "BuildCppObjectList" in file "C:\Program Files (x86)\Sysprogs\VisualGDB\MSBuild\Targets\gcc.targets" from project "C:\Users\david\source\repos\synth_rtos\synth_rtos\synth_rtos.vcxproj" (target "BuildObjectLinkerInputs" depends on it):
     1>Done building target "BuildCppObjectList" in project "synth_rtos.vcxproj".
     1>Target "BuildWrappedBinaryFileObjectList" in file "C:\Program Files (x86)\Sysprogs\VisualGDB\MSBuild\Targets\binary.targets" from project "C:\Users\david\source\repos\synth_rtos\synth_rtos\synth_rtos.vcxproj" (target "BuildObjectLinkerInputs" depends on it):
     1>Done building target "BuildWrappedBinaryFileObjectList" in project "synth_rtos.vcxproj".
     1>Target "BuildObjectLinkerInputs" in file "C:\Program Files (x86)\Sysprogs\VisualGDB\MSBuild\Targets\link.targets" from project "C:\Users\david\source\repos\synth_rtos\synth_rtos\synth_rtos.vcxproj" (target "Link" depends on it):
     1>Done building target "BuildObjectLinkerInputs" in project "synth_rtos.vcxproj".
     1>Target "BuildPrecompiledLinkerInputs" in file "C:\Program Files (x86)\Sysprogs\VisualGDB\MSBuild\Targets\link.targets" from project "C:\Users\david\source\repos\synth_rtos\synth_rtos\synth_rtos.vcxproj" (target "Link" depends on it):
     1>Done building target "BuildPrecompiledLinkerInputs" in project "synth_rtos.vcxproj".
     1>Target "BuildLinkerInputsFromReferences" in file "C:\Program Files (x86)\Sysprogs\VisualGDB\MSBuild\Targets\link.targets" from project "C:\Users\david\source\repos\synth_rtos\synth_rtos\synth_rtos.vcxproj" (target "Link" depends on it):
     1>Done building target "BuildLinkerInputsFromReferences" in project "synth_rtos.vcxproj".
       Target "PrepareForBuild" skipped. Previously built successfully.
       Target "SetBuildDefaultEnvironmentVariables" skipped. Previously built successfully.
       Target "SetUserMacroEnvironmentVariables" skipped, due to false condition; ('@(BuildMacro)' != '' and '$(DesignTimeBuild)' != 'true') was evaluated as ('' != '' and 'false' != 'true').
     1>Target "_SelectedFiles" in file "C:\Program Files (x86)\Sysprogs\VisualGDB\MSBuild\SysprogsPlatform.targets" from project "C:\Users\david\source\repos\synth_rtos\synth_rtos\synth_rtos.vcxproj" (target "SelectClCompile" depends on it):
     1>Done building target "_SelectedFiles" in project "synth_rtos.vcxproj".
       Target "ComputeAutoIncludePaths" skipped, due to false condition; ('$(AutoIncludePaths)' == 'true') was evaluated as ('false' == 'true').
     1>Target "RemoveIncompatibleCompilerSwitches" in file "C:\Program Files (x86)\Sysprogs\VisualGDB\MSBuild\Targets\gcc.targets" from project "C:\Users\david\source\repos\synth_rtos\synth_rtos\synth_rtos.vcxproj" (target "SelectClCompile" depends on it):
     1>Done building target "RemoveIncompatibleCompilerSwitches" in project "synth_rtos.vcxproj".
       Target "ExecutePrebuildActions" skipped. Previously built successfully.
       Target "BeginRemoteBuild" skipped, due to false condition; (('$(IsRemoteBuild)' == 'true') and ('$(DesignTimeBuild)' != 'true')) was evaluated as (('false' == 'true') and ('false' != 'true')).
     1>Target "SelectClCompile" in file "C:\Program Files (x86)\Sysprogs\VisualGDB\MSBuild\Targets\gcc.targets" from project "C:\Users\david\source\repos\synth_rtos\synth_rtos\synth_rtos.vcxproj" (target "ClCompile" depends on it):
     1>Done building target "SelectClCompile" in project "synth_rtos.vcxproj".
       Target "ResolveProjectReferences" skipped. Previously built successfully.
     1>Target "ImportCompilationSettingsFromReferences" in file "C:\Program Files (x86)\Sysprogs\VisualGDB\MSBuild\Targets\gcc.targets" from project "C:\Users\david\source\repos\synth_rtos\synth_rtos\synth_rtos.vcxproj" (target "ClCompile" depends on it):
       Using "ImportCompilationSettingsFromReferences" task from assembly "C:\Program Files (x86)\Sysprogs\VisualGDB\\Sysprogs.Build.Tasks.dll".
       Task "ImportCompilationSettingsFromReferences"
       Done executing task "ImportCompilationSettingsFromReferences".
     1>Done building target "ImportCompilationSettingsFromReferences" in project "synth_rtos.vcxproj".
       Target "WrapBinaryFiles" skipped, due to false condition; ('@(EmbeddedBinaryFile)' != '') was evaluated as ('' != '').
     1>Target "AddGeneratedHeaderDirectories" in file "C:\Program Files (x86)\Sysprogs\VisualGDB\MSBuild\Targets\binary.targets" from project "C:\Users\david\source\repos\synth_rtos\synth_rtos\synth_rtos.vcxproj" (target "ClCompile" depends on it):
     1>Done building target "AddGeneratedHeaderDirectories" in project "synth_rtos.vcxproj".
     1>Target "ClCompile" in file "C:\Program Files (x86)\Sysprogs\VisualGDB\MSBuild\Targets\gcc.targets" from project "C:\Users\david\source\repos\synth_rtos\synth_rtos\synth_rtos.vcxproj" (target "Link" depends on it):
       Task "MakeDir" skipped, due to false condition; ('%(ClCompile.ExcludedFromBuild)'!='true' AND '%(ClCompile.PrecompiledHeader)' == 'Create') was evaluated as (''!='true' AND 'NotUsing' == 'Create').
       Task "GCCCompile" skipped, due to false condition; ('%(ClCompile.ExcludedFromBuild)'!='true' AND '%(ClCompile.PrecompiledHeader)' == 'Create') was evaluated as (''!='true' AND 'NotUsing' == 'Create').
       Using "GCCCompile" task from assembly "C:\Program Files (x86)\Sysprogs\VisualGDB\\Sysprogs.Build.Tasks.dll".
       Task "GCCCompile"
         Rebuilding main.cpp due to main.cpp
         1 source files out of 107 need rebuild
         main.cpp
         C:\SysGCC\arm-eabi\bin\arm-eabi-g++.exe -mthumb -mfloat-abi=hard -mfpu=fpv4-sp-d16 -mcpu=cortex-m4 -IC:/Users/david/source/repos/synth_rtos/synth_rtos/ -IC:/Users/david/AppData/Local/VisualGDB/EmbeddedBSPs/arm-eabi/com.sysprogs.arm.stm32/FreeRTOS/Source/CMSIS_RTOS -IC:/Users/david/AppData/Local/VisualGDB/EmbeddedBSPs/arm-eabi/com.sysprogs.arm.stm32/FreeRTOS/Source/Include -IC:/Users/david/AppData/Local/VisualGDB/EmbeddedBSPs/arm-eabi/com.sysprogs.arm.stm32/FreeRTOS/Source/Portable/gcc/ARM_CM4F -IC:/Users/david/AppData/Local/VisualGDB/EmbeddedBSPs/arm-eabi/com.sysprogs.arm.stm32/STM32F4xxxx/STM32F4xx_HAL_Driver/Inc -IC:/Users/david/AppData/Local/VisualGDB/EmbeddedBSPs/arm-eabi/com.sysprogs.arm.stm32/STM32F4xxxx/STM32F4xx_HAL_Driver/Inc/Legacy -IC:/Users/david/AppData/Local/VisualGDB/EmbeddedBSPs/arm-eabi/com.sysprogs.arm.stm32/STM32F4xxxx/CMSIS_HAL/Core/Include -IC:/Users/david/AppData/Local/VisualGDB/EmbeddedBSPs/arm-eabi/com.sysprogs.arm.stm32/STM32F4xxxx/CMSIS_HAL/Device/ST/STM32F4xx/Include -IC:/Users/david/AppData/Local/VisualGDB/EmbeddedBSPs/arm-eabi/com.sysprogs.arm.stm32/STM32F4xxxx/CMSIS_HAL/Include -IC:/Users/david/AppData/Local/VisualGDB/EmbeddedBSPs/arm-eabi/com.sysprogs.arm.stm32/STM32F4xxxx/CMSIS_HAL/RTOS2/Include -ggdb -O0 -DARM_MATH_CM4 -Dflash_layout -DSTM32F446RE -DUSE_FREERTOS -DSTM32F446xx -DDEBUG=1 -DDEBUG_DEFAULT_INTERRUPT_HANDLERS -DDEBUG=1 -ffunction-sections -fdata-sections -std=c++11 -fno-exceptions -fno-rtti   -c "main.cpp" -o "VisualGDB/Debug/main.o" -MD -MP -MF "VisualGDB/Debug/main.dep"
       Done executing task "GCCCompile".
       Task "GCCCompile" skipped, due to false condition; ('%(ClCompile.ExcludedFromBuild)'!='true' AND '%(ClCompile.PrecompiledHeader)' != 'Create' AND '$(AssemblerBinaryName)' != '' AND '%(ClCompile.IsAssemblyFile)'=='true') was evaluated as (''!='true' AND 'NotUsing' != 'Create' AND '' != '' AND ''=='true').
       Task "FinalizeRemoteBuildMakefile" skipped, due to false condition; (('$(IsRemoteBuild)' == 'true') and ('$(DesignTimeBuild)' != 'true') and ('@(SelectedFiles)'!='')) was evaluated as (('false' == 'true') and ('false' != 'true') and (''!='')).
       Task "LaunchVisualGDB" skipped, due to false condition; (('$(IsRemoteBuild)' == 'true') and ('$(DesignTimeBuild)' != 'true') and ('@(SelectedFiles)'!='')) was evaluated as (('false' == 'true') and ('false' != 'true') and (''!='')).
     1>Done building target "ClCompile" in project "synth_rtos.vcxproj".
       Target "ComputeRPATH" skipped, due to false condition; ('$(GNUToolchainType)' == 'Linux') was evaluated as ('Embedded' == 'Linux').
     1>Target "Link" in file "C:\Program Files (x86)\Sysprogs\VisualGDB\MSBuild\Targets\link.targets" from project "C:\Users\david\source\repos\synth_rtos\synth_rtos\synth_rtos.vcxproj" (target "Build" depends on it):
       Using "GCCLink" task from assembly "C:\Program Files (x86)\Sysprogs\VisualGDB\\Sysprogs.Build.Tasks.dll".
       Task "GCCLink"
         Re-linking ../VisualGDB/Debug/synth_rtos due to VisualGDB/Debug/main.o
         C:\SysGCC\arm-eabi\bin\arm-eabi-g++.exe -o ../VisualGDB/Debug/synth_rtos -Wl,-gc-sections -TC:/Users/david/AppData/Local/VisualGDB/EmbeddedBSPs/arm-eabi/com.sysprogs.arm.stm32/STM32F4xxxx/LinkerScripts/STM32F446RE_flash.lds --specs=nano.specs --specs=nosys.specs  -mthumb -mfloat-abi=hard -mfpu=fpv4-sp-d16 -mcpu=cortex-m4  -Wl,--start-group VisualGDB/Debug/Dac.o VisualGDB/Debug/main.o VisualGDB/Debug/Sample_buffer.o VisualGDB/Debug/system_stm32f4xx.o VisualGDB/Debug/Tests.o VisualGDB/Debug/Tim.o VisualGDB/Debug/Usart.o VisualGDB/Debug/Voice.o VisualGDB/Debug/Waves.o VisualGDB/Debug/startup_stm32f446xx.o VisualGDB/Debug/croutine.o VisualGDB/Debug/event_groups.o VisualGDB/Debug/list.o VisualGDB/Debug/queue.o VisualGDB/Debug/stream_buffer.o VisualGDB/Debug/tasks.o VisualGDB/Debug/timers.o VisualGDB/Debug/cmsis_os.o VisualGDB/Debug/heap_4.o VisualGDB/Debug/stm32f4xx_hal.o VisualGDB/Debug/stm32f4xx_hal_adc.o VisualGDB/Debug/stm32f4xx_hal_adc_ex.o VisualGDB/Debug/stm32f4xx_hal_can.o VisualGDB/Debug/stm32f4xx_hal_cec.o VisualGDB/Debug/stm32f4xx_hal_cortex.o VisualGDB/Debug/stm32f4xx_hal_crc.o VisualGDB/Debug/stm32f4xx_hal_cryp.o VisualGDB/Debug/stm32f4xx_hal_cryp_ex.o VisualGDB/Debug/stm32f4xx_hal_dac.o VisualGDB/Debug/stm32f4xx_hal_dac_ex.o VisualGDB/Debug/stm32f4xx_hal_dcmi.o VisualGDB/Debug/stm32f4xx_hal_dcmi_ex.o VisualGDB/Debug/stm32f4xx_hal_dfsdm.o VisualGDB/Debug/stm32f4xx_hal_dma.o VisualGDB/Debug/stm32f4xx_hal_dma2d.o VisualGDB/Debug/stm32f4xx_hal_dma_ex.o VisualGDB/Debug/stm32f4xx_hal_dsi.o VisualGDB/Debug/stm32f4xx_hal_eth.o VisualGDB/Debug/stm32f4xx_hal_exti.o VisualGDB/Debug/stm32f4xx_hal_flash.o VisualGDB/Debug/stm32f4xx_hal_flash_ex.o VisualGDB/Debug/stm32f4xx_hal_flash_ramfunc.o VisualGDB/Debug/stm32f4xx_hal_fmpi2c.o VisualGDB/Debug/stm32f4xx_hal_fmpi2c_ex.o VisualGDB/Debug/stm32f4xx_hal_gpio.o VisualGDB/Debug/stm32f4xx_hal_hash.o VisualGDB/Debug/stm32f4xx_hal_hash_ex.o VisualGDB/Debug/stm32f4xx_hal_hcd.o VisualGDB/Debug/stm32f4xx_hal_i2c.o VisualGDB/Debug/stm32f4xx_hal_i2c_ex.o VisualGDB/Debug/stm32f4xx_hal_i2s.o VisualGDB/Debug/stm32f4xx_hal_i2s_ex.o VisualGDB/Debug/stm32f4xx_hal_irda.o VisualGDB/Debug/stm32f4xx_hal_iwdg.o VisualGDB/Debug/stm32f4xx_hal_lptim.o VisualGDB/Debug/stm32f4xx_hal_ltdc.o VisualGDB/Debug/stm32f4xx_hal_ltdc_ex.o VisualGDB/Debug/stm32f4xx_hal_mmc.o VisualGDB/Debug/stm32f4xx_hal_nand.o VisualGDB/Debug/stm32f4xx_hal_nor.o VisualGDB/Debug/stm32f4xx_hal_pccard.o VisualGDB/Debug/stm32f4xx_hal_pcd.o VisualGDB/Debug/stm32f4xx_hal_pcd_ex.o VisualGDB/Debug/stm32f4xx_hal_pwr.o VisualGDB/Debug/stm32f4xx_hal_pwr_ex.o VisualGDB/Debug/stm32f4xx_hal_qspi.o VisualGDB/Debug/stm32f4xx_hal_rcc.o VisualGDB/Debug/stm32f4xx_hal_rcc_ex.o VisualGDB/Debug/stm32f4xx_hal_rng.o VisualGDB/Debug/stm32f4xx_hal_rtc.o VisualGDB/Debug/stm32f4xx_hal_rtc_ex.o VisualGDB/Debug/stm32f4xx_hal_sai.o VisualGDB/Debug/stm32f4xx_hal_sai_ex.o VisualGDB/Debug/stm32f4xx_hal_sd.o VisualGDB/Debug/stm32f4xx_hal_sdram.o VisualGDB/Debug/stm32f4xx_hal_smartcard.o VisualGDB/Debug/stm32f4xx_hal_smbus.o VisualGDB/Debug/stm32f4xx_hal_spdifrx.o VisualGDB/Debug/stm32f4xx_hal_spi.o VisualGDB/Debug/stm32f4xx_hal_sram.o VisualGDB/Debug/stm32f4xx_hal_tim.o VisualGDB/Debug/stm32f4xx_hal_tim_ex.o VisualGDB/Debug/stm32f4xx_hal_uart.o VisualGDB/Debug/stm32f4xx_hal_usart.o VisualGDB/Debug/stm32f4xx_hal_wwdg.o VisualGDB/Debug/stm32f4xx_ll_adc.o VisualGDB/Debug/stm32f4xx_ll_crc.o VisualGDB/Debug/stm32f4xx_ll_dac.o VisualGDB/Debug/stm32f4xx_ll_dma.o VisualGDB/Debug/stm32f4xx_ll_dma2d.o VisualGDB/Debug/stm32f4xx_ll_exti.o VisualGDB/Debug/stm32f4xx_ll_fmc.o VisualGDB/Debug/stm32f4xx_ll_fsmc.o VisualGDB/Debug/stm32f4xx_ll_gpio.o VisualGDB/Debug/stm32f4xx_ll_i2c.o VisualGDB/Debug/stm32f4xx_ll_lptim.o VisualGDB/Debug/stm32f4xx_ll_pwr.o VisualGDB/Debug/stm32f4xx_ll_rcc.o VisualGDB/Debug/stm32f4xx_ll_rng.o VisualGDB/Debug/stm32f4xx_ll_rtc.o VisualGDB/Debug/stm32f4xx_ll_sdmmc.o VisualGDB/Debug/stm32f4xx_ll_spi.o VisualGDB/Debug/stm32f4xx_ll_tim.o VisualGDB/Debug/stm32f4xx_ll_usart.o VisualGDB/Debug/stm32f4xx_ll_usb.o VisualGDB/Debug/stm32f4xx_ll_utils.o VisualGDB/Debug/port.o -Wl,--end-group
         Linking ../VisualGDB/Debug/synth_rtos...
       Done executing task "GCCLink".
     1>Done building target "Link" in project "synth_rtos.vcxproj".
       Target "Link" skipped. Previously built successfully.
     1>Target "GenerateBinFile" in file "C:\Program Files (x86)\Sysprogs\VisualGDB\MSBuild\Targets\embedded.targets" from project "C:\Users\david\source\repos\synth_rtos\synth_rtos\synth_rtos.vcxproj" (target "Build" depends on it):
       Using "GenericGNUTool" task from assembly "C:\Program Files (x86)\Sysprogs\VisualGDB\\Sysprogs.Build.Tasks.dll".
       Task "GenericGNUTool"
         C:\SysGCC\arm-eabi\bin\arm-eabi-objcopy.exe  -O binary C:/Users/david/source/repos/synth_rtos/VisualGDB/Debug/synth_rtos ../VisualGDB/Debug/synth_rtos.bin
       Done executing task "GenericGNUTool".
     1>Done building target "GenerateBinFile" in project "synth_rtos.vcxproj".
       Target "GenerateHexFile" skipped, due to false condition; ('$(GenerateHexFile)' == 'true' and '$(GNUTargetType)' == 'Application') was evaluated as ('false' == 'true' and 'Application' == 'Application').
       Target "Link" skipped. Previously built successfully.
     1>Target "OutputMemoryUtilization" in file "C:\Program Files (x86)\Sysprogs\VisualGDB\MSBuild\Targets\embedded.targets" from project "C:\Users\david\source\repos\synth_rtos\synth_rtos\synth_rtos.vcxproj" (target "Build" depends on it):
       Using "OutputMemoryUtilization" task from assembly "C:\Program Files (x86)\Sysprogs\VisualGDB\\Sysprogs.Build.Tasks.dll".
       Task "OutputMemoryUtilization"
         ------------------- Memory utilization report -------------------
         Used FLASH: 26KB out of 512KB (5%) [+256]
         Used SRAM: 32KB out of 128KB (25%)
       Done executing task "OutputMemoryUtilization".
     1>Done building target "OutputMemoryUtilization" in project "synth_rtos.vcxproj".
       Target "CommitRemoteBuild" skipped, due to false condition; (('$(IsRemoteBuild)' == 'true') and ('$(DesignTimeBuild)' != 'true')) was evaluated as (('false' == 'true') and ('false' != 'true')).
       Target "PrepareForBuild" skipped. Previously built successfully.
     1>Target "ExecutePostbuildActions" in file "C:\Program Files (x86)\Sysprogs\VisualGDB\MSBuild\Targets\external.targets" from project "C:\Users\david\source\repos\synth_rtos\synth_rtos\synth_rtos.vcxproj" (target "Build" depends on it):
       Task "LaunchVisualGDB"
       Done executing task "LaunchVisualGDB".
     1>Done building target "ExecutePostbuildActions" in project "synth_rtos.vcxproj".
     1>Target "Build" in file "C:\Program Files (x86)\Sysprogs\VisualGDB\MSBuild\SysprogsPlatform.targets" from project "C:\Users\david\source\repos\synth_rtos\synth_rtos\synth_rtos.vcxproj" (entry point):
     1>Done building target "Build" in project "synth_rtos.vcxproj".
     1>Done Building Project "C:\Users\david\source\repos\synth_rtos\synth_rtos\synth_rtos.vcxproj" (Build target(s)).

Build succeeded.
    0 Warning(s)
    0 Error(s)

Time Elapsed 00:00:01.58
